<?xml version="1.0" encoding="UTF-8"?>
<!-- Generated by org.testng.reporters.JUnitXMLReporter -->
<testsuite ignored="0" hostname="Sudheer" failures="0" tests="5" name="Surefire test" time="10.989" errors="0" timestamp="2026-03-04T23:33:54 IST">
  <testcase classname="TEST.AddToCartTest" name="AddToCart" time="0.409"/>
  <testcase classname="TEST.LoginTest" name="loginTest" time="0.001"/>
  <testcase classname="USERAPI.UserAPITest" name="createUser" time="3.464"/>
  <testcase classname="USERAPI.UserAPITest" name="getUser" time="0.214"/>
  <testcase classname="USERAPI.UserAPITest" name="updateUser" time="0.198"/>
</testsuite> <!-- Surefire test -->
