<?xml version="1.0" encoding="UTF-8"?>
<testng-results ignored="0" total="1" passed="1" failed="0" skipped="0">
  <reporter-output>
  </reporter-output>
  <suite started-at="2026-02-27T23:19:59 IST" name="Surefire suite" finished-at="2026-02-27T23:20:02 IST" duration-ms="3396">
    <groups>
    </groups>
    <test started-at="2026-02-27T23:19:59 IST" name="Surefire test" finished-at="2026-02-27T23:20:02 IST" duration-ms="3396">
      <class name="TEST.LoginTest">
        <test-method is-config="true" signature="setup()[pri:0, instance:TEST.LoginTest@5db45159]" started-at="2026-02-27T23:19:59 IST" name="setup" finished-at="2026-02-27T23:20:02 IST" duration-ms="2790" status="PASS">
          <reporter-output>
          </reporter-output>
        </test-method> <!-- setup -->
        <test-method signature="loginTest()[pri:0, instance:TEST.LoginTest@5db45159]" started-at="2026-02-27T23:20:02 IST" name="loginTest" finished-at="2026-02-27T23:20:02 IST" duration-ms="327" status="PASS">
          <reporter-output>
          </reporter-output>
        </test-method> <!-- loginTest -->
        <test-method is-config="true" signature="teardown()[pri:0, instance:TEST.LoginTest@5db45159]" started-at="2026-02-27T23:20:02 IST" name="teardown" finished-at="2026-02-27T23:20:02 IST" duration-ms="247" status="PASS">
          <reporter-output>
          </reporter-output>
        </test-method> <!-- teardown -->
      </class> <!-- TEST.LoginTest -->
    </test> <!-- Surefire test -->
  </suite> <!-- Surefire suite -->
</testng-results>
