<?xml version="1.0" encoding="UTF-8"?>
<testng-results ignored="0" total="1" passed="1" failed="0" skipped="0">
  <reporter-output>
  </reporter-output>
  <suite started-at="2026-02-27T18:32:57 IST" name="Default suite" finished-at="2026-02-27T18:33:01 IST" duration-ms="3713">
    <groups>
    </groups>
    <test started-at="2026-02-27T18:32:57 IST" name="Default test" finished-at="2026-02-27T18:33:01 IST" duration-ms="3713">
      <class name="TEST.LoginTest">
        <test-method is-config="true" signature="setup()[pri:0, instance:TEST.LoginTest@24aed80c]" started-at="2026-02-27T18:32:57 IST" name="setup" finished-at="2026-02-27T18:33:00 IST" duration-ms="2767" status="PASS">
          <reporter-output>
          </reporter-output>
        </test-method> <!-- setup -->
        <test-method signature="loginTest()[pri:0, instance:TEST.LoginTest@24aed80c]" started-at="2026-02-27T18:33:00 IST" name="loginTest" finished-at="2026-02-27T18:33:00 IST" duration-ms="657" status="PASS">
          <reporter-output>
          </reporter-output>
        </test-method> <!-- loginTest -->
        <test-method is-config="true" signature="teardown()[pri:0, instance:TEST.LoginTest@24aed80c]" started-at="2026-02-27T18:33:00 IST" name="teardown" finished-at="2026-02-27T18:33:01 IST" duration-ms="253" status="PASS">
          <reporter-output>
          </reporter-output>
        </test-method> <!-- teardown -->
      </class> <!-- TEST.LoginTest -->
    </test> <!-- Default test -->
  </suite> <!-- Default suite -->
</testng-results>
