<?xml version="1.0" encoding="UTF-8"?>
<testng-results ignored="0" total="3" passed="3" failed="0" skipped="0">
  <reporter-output>
  </reporter-output>
  <suite started-at="2026-03-02T22:31:33 IST" name="AutomationSuite" finished-at="2026-03-02T22:31:42 IST" duration-ms="9051">
    <groups>
    </groups>
    <test started-at="2026-03-02T22:31:33 IST" name="AllTests" finished-at="2026-03-02T22:31:42 IST" duration-ms="9051">
      <class name="TEST.LoginTest">
        <test-method is-config="true" signature="setup()[pri:0, instance:TEST.LoginTest@2de23121]" started-at="2026-03-02T22:31:41 IST" name="setup" finished-at="2026-03-02T22:31:42 IST" duration-ms="1662" status="PASS">
          <reporter-output>
          </reporter-output>
        </test-method> <!-- setup -->
        <test-method signature="loginTest()[pri:0, instance:TEST.LoginTest@2de23121]" started-at="2026-03-02T22:31:42 IST" name="loginTest" finished-at="2026-03-02T22:31:42 IST" duration-ms="5" status="PASS">
          <reporter-output>
          </reporter-output>
        </test-method> <!-- loginTest -->
      </class> <!-- TEST.LoginTest -->
      <class name="TEST.droptest">
        <test-method is-config="true" signature="setup()[pri:0, instance:TEST.droptest@22fcf7ab]" started-at="2026-03-02T22:31:39 IST" name="setup" finished-at="2026-03-02T22:31:41 IST" duration-ms="2037" status="PASS">
          <reporter-output>
          </reporter-output>
        </test-method> <!-- setup -->
        <test-method signature="seldrop()[pri:0, instance:TEST.droptest@22fcf7ab]" started-at="2026-03-02T22:31:41 IST" name="seldrop" finished-at="2026-03-02T22:31:41 IST" duration-ms="160" status="PASS">
          <reporter-output>
          </reporter-output>
        </test-method> <!-- seldrop -->
      </class> <!-- TEST.droptest -->
      <class name="TEST.AddToCartTest">
        <test-method is-config="true" signature="setup()[pri:0, instance:TEST.AddToCartTest@7c6908d7]" started-at="2026-03-02T22:31:33 IST" name="setup" finished-at="2026-03-02T22:31:38 IST" duration-ms="4665" status="PASS">
          <reporter-output>
          </reporter-output>
        </test-method> <!-- setup -->
        <test-method signature="AddToCart()[pri:0, instance:TEST.AddToCartTest@7c6908d7]" started-at="2026-03-02T22:31:38 IST" name="AddToCart" finished-at="2026-03-02T22:31:39 IST" duration-ms="440" status="PASS">
          <reporter-output>
          </reporter-output>
        </test-method> <!-- AddToCart -->
      </class> <!-- TEST.AddToCartTest -->
    </test> <!-- AllTests -->
  </suite> <!-- AutomationSuite -->
</testng-results>
