<?xml version="1.0" encoding="UTF-8"?>
<!-- Generated by org.testng.reporters.JUnitReportReporter -->
<testsuite hostname="Sudheer" failures="0" tests="3" name="USERAPI.UserAPITest" time="1.350" errors="0" timestamp="2026-02-28T19:35:04 IST" skipped="0">
  <testcase classname="USERAPI.UserAPITest" name="getUser" time="0.099"/>
  <testcase classname="USERAPI.UserAPITest" name="createUser" time="1.191"/>
  <testcase classname="USERAPI.UserAPITest" name="updateUser" time="0.060"/>
</testsuite> <!-- USERAPI.UserAPITest -->
