<?xml version="1.0" encoding="UTF-8"?>
<!-- Generated by org.testng.reporters.JUnitReportReporter -->
<testsuite hostname="Sudheer" failures="0" tests="3" name="USERAPI.UserAPITest" time="2.523" errors="0" timestamp="2026-03-01T13:01:02 IST" skipped="0">
  <testcase classname="USERAPI.UserAPITest" name="getUser" time="0.397"/>
  <testcase classname="USERAPI.UserAPITest" name="updateUser" time="0.066"/>
  <testcase classname="USERAPI.UserAPITest" name="createUser" time="2.060"/>
</testsuite> <!-- USERAPI.UserAPITest -->
